
$Id: mri_glmfit.c,v 1.196.2.8 2012/11/01 18:51:41 greve Exp $
cwd /Users/YiwenZ/Documents/Data/MCI/group/groupanalysis/RSFC_stats/stats
cmdline mri_glmfit --glmdir rPCC/lh.RSFC.rPCC --y /Users/YiwenZ/Documents/Data/MCI/group/groupanalysis/RSFC_stats/smoothed_Data/rPCC/lh.zRSFC.rPCC.sm6.nii.gz --fsgd g4v2.fsgd --C amci-nc.mtx --surf fsaverage5 lh --mask /Users/YiwenZ/Documents/Data/MCI/group/masks/lh.reho.MCI.nii.gz --cortex 
sysname  Darwin
hostname Mac.local
machine  x86_64
user     YiwenZ
FixVertexAreaFlag = 1
UseMaskWithSmoothing     1
OneSampleGroupMean 0
y    /Users/YiwenZ/Documents/Data/MCI/group/groupanalysis/RSFC_stats/smoothed_Data/rPCC/lh.zRSFC.rPCC.sm6.nii.gz
logyflag 0
usedti  0
FSGD g4v2.fsgd
labelmask  /Applications/freesurfer/subjects/fsaverage5/label/lh.cortex.label
mask /Users/YiwenZ/Documents/Data/MCI/group/masks/lh.reho.MCI.nii.gz
maskinv 0
glmdir rPCC/lh.RSFC.rPCC
IllCondOK 0
ReScaleX 1
DoFFx 0
ResidualFWHM 17.531612
SearchSpace 74986.018998
anattype surface
