
$Id: mri_glmfit.c,v 1.196.2.8 2012/11/01 18:51:41 greve Exp $
cwd /Users/YiwenZ/Documents/Data/MCI/group/groupanalysis/stats
cmdline mri_glmfit --glmdir g4v2.reho.lh --y /Users/YiwenZ/Documents/Data/MCI/group/groupanalysis/4dmaps/lh.reho.sm6.nii.gz --fsgd g4v2.fsgd --C amci-nc.mtx --surf fsaverage5 lh --mask /Users/YiwenZ/Documents/Data/MCI/group/masks/lh.reho.MCI.nii.gz --cortex 
sysname  Darwin
hostname Mac.local
machine  x86_64
user     YiwenZ
FixVertexAreaFlag = 1
UseMaskWithSmoothing     1
OneSampleGroupMean 0
y    /Users/YiwenZ/Documents/Data/MCI/group/groupanalysis/4dmaps/lh.reho.sm6.nii.gz
logyflag 0
usedti  0
FSGD g4v2.fsgd
labelmask  /Users/YiwenZ/Documents/Data/MCI/fsaverage5/label/lh.cortex.label
mask /Users/YiwenZ/Documents/Data/MCI/group/masks/lh.reho.MCI.nii.gz
maskinv 0
glmdir g4v2.reho.lh
IllCondOK 0
ReScaleX 1
DoFFx 0
ResidualFWHM 12.280511
SearchSpace 75939.820579
anattype surface
